mode: set
github.com/rmsj/services/business/data/user/user.go:41.45,46.2 1 1
github.com/rmsj/services/business/data/user/user.go:49.100,52.16 2 1
github.com/rmsj/services/business/data/user/user.go:57.2,78.143 4 1
github.com/rmsj/services/business/data/user/user.go:82.2,82.17 1 1
github.com/rmsj/services/business/data/user/user.go:52.16,54.3 1 0
github.com/rmsj/services/business/data/user/user.go:78.143,80.3 1 0
github.com/rmsj/services/business/data/user/user.go:86.130,89.16 2 1
github.com/rmsj/services/business/data/user/user.go:93.2,93.20 1 1
github.com/rmsj/services/business/data/user/user.go:96.2,96.21 1 1
github.com/rmsj/services/business/data/user/user.go:99.2,99.21 1 1
github.com/rmsj/services/business/data/user/user.go:102.2,102.24 1 1
github.com/rmsj/services/business/data/user/user.go:109.2,128.126 4 1
github.com/rmsj/services/business/data/user/user.go:132.2,132.12 1 1
github.com/rmsj/services/business/data/user/user.go:89.16,91.3 1 0
github.com/rmsj/services/business/data/user/user.go:93.20,95.3 1 1
github.com/rmsj/services/business/data/user/user.go:96.21,98.3 1 1
github.com/rmsj/services/business/data/user/user.go:99.21,101.3 1 0
github.com/rmsj/services/business/data/user/user.go:102.24,104.17 2 0
github.com/rmsj/services/business/data/user/user.go:107.3,107.24 1 0
github.com/rmsj/services/business/data/user/user.go:104.17,106.4 1 0
github.com/rmsj/services/business/data/user/user.go:128.126,130.3 1 0
github.com/rmsj/services/business/data/user/user.go:136.100,138.46 1 1
github.com/rmsj/services/business/data/user/user.go:143.2,143.68 1 1
github.com/rmsj/services/business/data/user/user.go:147.2,157.60 3 1
github.com/rmsj/services/business/data/user/user.go:161.2,161.12 1 1
github.com/rmsj/services/business/data/user/user.go:138.46,140.3 1 0
github.com/rmsj/services/business/data/user/user.go:143.68,145.3 1 0
github.com/rmsj/services/business/data/user/user.go:157.60,159.3 1 0
github.com/rmsj/services/business/data/user/user.go:165.107,183.80 5 0
github.com/rmsj/services/business/data/user/user.go:187.2,187.19 1 0
github.com/rmsj/services/business/data/user/user.go:183.80,185.3 1 0
github.com/rmsj/services/business/data/user/user.go:191.111,193.46 1 1
github.com/rmsj/services/business/data/user/user.go:198.2,198.68 1 1
github.com/rmsj/services/business/data/user/user.go:202.2,215.62 4 1
github.com/rmsj/services/business/data/user/user.go:222.2,222.17 1 1
github.com/rmsj/services/business/data/user/user.go:193.46,195.3 1 0
github.com/rmsj/services/business/data/user/user.go:198.68,200.3 1 0
github.com/rmsj/services/business/data/user/user.go:215.62,216.27 1 1
github.com/rmsj/services/business/data/user/user.go:219.3,219.64 1 0
github.com/rmsj/services/business/data/user/user.go:216.27,218.4 1 1
github.com/rmsj/services/business/data/user/user.go:226.113,241.61 4 1
github.com/rmsj/services/business/data/user/user.go:249.2,249.68 1 1
github.com/rmsj/services/business/data/user/user.go:253.2,253.17 1 1
github.com/rmsj/services/business/data/user/user.go:241.61,242.27 1 0
github.com/rmsj/services/business/data/user/user.go:245.3,245.63 1 0
github.com/rmsj/services/business/data/user/user.go:242.27,244.4 1 0
github.com/rmsj/services/business/data/user/user.go:249.68,251.3 1 0
github.com/rmsj/services/business/data/user/user.go:259.125,274.61 4 0
github.com/rmsj/services/business/data/user/user.go:287.2,287.90 1 0
github.com/rmsj/services/business/data/user/user.go:293.2,303.20 2 0
github.com/rmsj/services/business/data/user/user.go:274.61,278.27 1 0
github.com/rmsj/services/business/data/user/user.go:282.3,282.66 1 0
github.com/rmsj/services/business/data/user/user.go:278.27,280.4 1 0
github.com/rmsj/services/business/data/user/user.go:287.90,289.3 1 0
